#
# There is insufficient memory for the Java Runtime Environment to continue.
# Native memory allocation (malloc) failed to allocate 950256 bytes for Chunk::new
# Possible reasons:
#   The system is out of physical RAM or swap space
#   In 32 bit mode, the process size limit was hit
# Possible solutions:
#   Reduce memory load on the system
#   Increase physical memory or swap space
#   Check if swap backing store is full
#   Use 64 bit Java on a 64 bit OS
#   Decrease Java heap size (-Xmx/-Xms)
#   Decrease number of Java threads
#   Decrease Java thread stack sizes (-Xss)
#   Set larger code cache with -XX:ReservedCodeCacheSize=
# This output file may be truncated or incomplete.
#
#  Out of Memory Error (allocation.cpp:390), pid=103276, tid=0x0000000000017f50
#
# JRE version: OpenJDK Runtime Environment (8.0_112-b06) (build 1.8.0_112-release-b06)
# Java VM: OpenJDK 64-Bit Server VM (25.112-b06 mixed mode windows-amd64 compressed oops)
# Failed to write core dump. Minidumps are not enabled by default on client versions of Windows
#

---------------  T H R E A D  ---------------

Current thread (0x0000000016087800):  JavaThread "C2 CompilerThread0" daemon [_thread_in_native, id=98128, stack(0x00000000176f0000,0x00000000177f0000)]

Stack: [0x00000000176f0000,0x00000000177f0000]
[error occurred during error reporting (printing stack bounds), id 0xc0000005]

Native frames: (J=compiled Java code, j=interpreted, Vv=VM code, C=native code)


Current CompileTask:
C2:2845097 19981       4       org.gradle.api.internal.artifacts.ivyservice.resolveengine.graph.DependencyGraphBuilder$DependencyEdge::attachToTargetConfigurations (79 bytes)


---------------  P R O C E S S  ---------------

Java Threads: ( => current thread )
  0x000000001c4cc800 JavaThread "Cache update executor" [_thread_blocked, id=121204, stack(0x00000000319b0000,0x0000000031ab0000)]
  0x000000001c4ce000 JavaThread "Stdin handler" [_thread_blocked, id=39972, stack(0x00000000318b0000,0x00000000319b0000)]
  0x000000001c4c9000 JavaThread "Asynchronous log dispatcher for DefaultDaemonConnection: socket connection from /127.0.0.1:57965 to /127.0.0.1:58139" [_thread_in_native, id=86204, stack(0x00000000317b0000,0x00000000318b0000)]
  0x000000001c4c7800 JavaThread "Daemon worker Thread 9" [_thread_blocked, id=80568, stack(0x00000000316b0000,0x00000000317b0000)]
  0x000000001c4cd000 JavaThread "Cancel handler" [_thread_blocked, id=103572, stack(0x00000000315b0000,0x00000000316b0000)]
  0x000000001c4c6000 JavaThread "Handler for socket connection from /127.0.0.1:57965 to /127.0.0.1:58139" [_thread_in_native, id=120228, stack(0x00000000314b0000,0x00000000315b0000)]
  0x000000001c4cb800 JavaThread "Daemon Thread 9" [_thread_blocked, id=121152, stack(0x00000000313b0000,0x00000000314b0000)]
  0x0000000018b47000 JavaThread "stdout" daemon [_thread_in_native, id=118172, stack(0x000000002cfb0000,0x000000002d0b0000)]
  0x0000000018b4b000 JavaThread "stderr" daemon [_thread_in_native, id=121728, stack(0x000000002ceb0000,0x000000002cfb0000)]
  0x0000000018b51800 JavaThread "pool-10-thread-4" [_thread_blocked, id=119536, stack(0x00000000262b0000,0x00000000263b0000)]
  0x0000000018b49800 JavaThread "pool-10-thread-3" [_thread_blocked, id=115004, stack(0x0000000025cb0000,0x0000000025db0000)]
  0x0000000018b51000 JavaThread "pool-10-thread-2" [_thread_blocked, id=121136, stack(0x0000000023cb0000,0x0000000023db0000)]
  0x0000000018b50000 JavaThread "pool-10-thread-1" [_thread_blocked, id=92108, stack(0x00000000236b0000,0x00000000237b0000)]
  0x0000000018e29800 JavaThread "File lock request listener" [_thread_in_native, id=121744, stack(0x000000001ce10000,0x000000001cf10000)]
  0x0000000018d36800 JavaThread "pool-1-thread-1" [_thread_blocked, id=122172, stack(0x000000001a7f0000,0x000000001a8f0000)]
  0x00000000189c0800 JavaThread "Incoming local TCP Connector on port 57965" [_thread_in_native, id=122624, stack(0x0000000019d00000,0x0000000019e00000)]
  0x0000000016082800 JavaThread "Service Thread" daemon [_thread_blocked, id=44884, stack(0x0000000017df0000,0x0000000017ef0000)]
  0x000000001607c800 JavaThread "C1 CompilerThread2" daemon [_thread_in_vm, id=101940, stack(0x00000000178f0000,0x00000000179f0000)]
  0x0000000016079800 JavaThread "C2 CompilerThread1" daemon [_thread_blocked, id=120648, stack(0x00000000177f0000,0x00000000178f0000)]
=>0x0000000016087800 JavaThread "C2 CompilerThread0" daemon [_thread_in_native, id=98128, stack(0x00000000176f0000,0x00000000177f0000)]
  0x0000000016086800 JavaThread "Attach Listener" daemon [_thread_blocked, id=121940, stack(0x00000000175f0000,0x00000000176f0000)]
  0x0000000016085000 JavaThread "Signal Dispatcher" daemon [_thread_blocked, id=119608, stack(0x00000000174f0000,0x00000000175f0000)]
  0x0000000016068800 JavaThread "Finalizer" daemon [_thread_blocked, id=122124, stack(0x0000000017300000,0x0000000017400000)]
  0x0000000002701800 JavaThread "Reference Handler" daemon [_thread_blocked, id=122240, stack(0x0000000017200000,0x0000000017300000)]
  0x0000000002610800 JavaThread "main" [_thread_blocked, id=122140, stack(0x0000000002510000,0x0000000002610000)]

Other Threads:
  0x0000000016045000 VMThread [stack: 0x0000000017100000,0x0000000017200000] [id=121776]
  0x0000000017a1a000 WatcherThread [stack: 0x0000000017ef0000,0x0000000017ff0000] [id=102416]

VM state:not at safepoint (normal execution)

VM Mutex/Monitor currently owned by a thread: None

Heap:
 PSYoungGen      total 294400K, used 172527K [0x00000000e0000000, 0x00000000f3b00000, 0x0000000100000000)
  eden space 270336K, 58% used [0x00000000e0000000,0x00000000e9a3f538,0x00000000f0800000)
  from space 24064K, 60% used [0x00000000f2380000,0x00000000f31bca30,0x00000000f3b00000)
  to   space 26112K, 0% used [0x00000000f0800000,0x00000000f0800000,0x00000000f2180000)
 ParOldGen       total 113152K, used 60118K [0x00000000a0000000, 0x00000000a6e80000, 0x00000000e0000000)
  object space 113152K, 53% used [0x00000000a0000000,0x00000000a3ab5a98,0x00000000a6e80000)
 Metaspace       used 77580K, capacity 83590K, committed 83840K, reserved 1122304K
  class space    used 9929K, capacity 10759K, committed 10880K, reserved 1048576K

Card table byte_map: [0x0000000011ad0000,0x0000000011de0000] byte_map_base: 0x00000000115d0000

Marking Bits: (ParMarkBitMap*) 0x00000000756218f0
 Begin Bits: [0x00000000123e0000, 0x0000000013be0000)
 End Bits:   [0x0000000013be0000, 0x00000000153e0000)

Polling page: 0x00000000023c0000

CodeCache: size=245760Kb used=56035Kb max_used=56035Kb free=189724Kb
 bounds [0x0000000002710000, 0x0000000005e20000, 0x0000000011710000]
 total_blobs=16507 nmethods=15709 adapters=710
 compilation: enabled

Compilation events (10 events):
Event: 2844.791 Thread 0x0000000016079800 nmethod 19988 0x0000000005e09b90 code [0x0000000005e09d00, 0x0000000005e09ec8]
Event: 2844.829 Thread 0x000000001607c800 19989       1       org.gradle.execution.taskgraph.TaskInfo::require (8 bytes)
Event: 2844.830 Thread 0x000000001607c800 nmethod 19989 0x0000000005e08610 code [0x0000000005e08760, 0x0000000005e08890]
Event: 2844.830 Thread 0x000000001607c800 19990       3       com.android.build.gradle.internal.dependency.DependencyContainerImpl::getAllJavaDependencies (63 bytes)
Event: 2844.834 Thread 0x000000001607c800 nmethod 19990 0x0000000005e0f090 code [0x0000000005e0f3a0, 0x0000000005e10a58]
Event: 2844.902 Thread 0x0000000016079800 19991       4       sun.reflect.ClassFileAssembler::emitInt (46 bytes)
Event: 2844.910 Thread 0x0000000016079800 nmethod 19991 0x0000000005e11590 code [0x0000000005e11740, 0x0000000005e11bb0]
Event: 2844.916 Thread 0x000000001607c800 19992   !   3       sun.nio.ch.FileChannelImpl::lock (323 bytes)
Event: 2844.918 Thread 0x000000001607c800 nmethod 19992 0x0000000005e12210 code [0x0000000005e12560, 0x0000000005e13d68]
Event: 2844.918 Thread 0x000000001607c800 19993       3       com.android.ide.common.util.ReadWriteProcessLock::acquireFileLock (126 bytes)

GC Heap History (10 events):
Event: 2129.171 GC heap before
{Heap before GC invocations=54 (full 4):
 PSYoungGen      total 193024K, used 172916K [0x00000000e0000000, 0x00000000ef300000, 0x0000000100000000)
  eden space 165376K, 100% used [0x00000000e0000000,0x00000000ea180000,0x00000000ea180000)
  from space 27648K, 27% used [0x00000000ea180000,0x00000000ea8dd0b0,0x00000000ebc80000)
  to   space 26624K, 0% used [0x00000000ed900000,0x00000000ed900000,0x00000000ef300000)
 ParOldGen       total 113152K, used 51649K [0x00000000a0000000, 0x00000000a6e80000, 0x00000000e0000000)
  object space 113152K, 45% used [0x00000000a0000000,0x00000000a32704d8,0x00000000a6e80000)
 Metaspace       used 76076K, capacity 80830K, committed 80896K, reserved 1120256K
  class space    used 9713K, capacity 10435K, committed 10496K, reserved 1048576K
Event: 2129.758 GC heap after
Heap after GC invocations=54 (full 4):
 PSYoungGen      total 218112K, used 12208K [0x00000000e0000000, 0x00000000ef000000, 0x0000000100000000)
  eden space 194560K, 0% used [0x00000000e0000000,0x00000000e0000000,0x00000000ebe00000)
  from space 23552K, 51% used [0x00000000ed900000,0x00000000ee4ec030,0x00000000ef000000)
  to   space 25600K, 0% used [0x00000000ebe00000,0x00000000ebe00000,0x00000000ed700000)
 ParOldGen       total 113152K, used 53497K [0x00000000a0000000, 0x00000000a6e80000, 0x00000000e0000000)
  object space 113152K, 47% used [0x00000000a0000000,0x00000000a343e680,0x00000000a6e80000)
 Metaspace       used 76076K, capacity 80830K, committed 80896K, reserved 1120256K
  class space    used 9713K, capacity 10435K, committed 10496K, reserved 1048576K
}
Event: 2143.735 GC heap before
{Heap before GC invocations=55 (full 4):
 PSYoungGen      total 218112K, used 203995K [0x00000000e0000000, 0x00000000ef000000, 0x0000000100000000)
  eden space 194560K, 98% used [0x00000000e0000000,0x00000000ebb4aea8,0x00000000ebe00000)
  from space 23552K, 51% used [0x00000000ed900000,0x00000000ee4ec030,0x00000000ef000000)
  to   space 25600K, 0% used [0x00000000ebe00000,0x00000000ebe00000,0x00000000ed700000)
 ParOldGen       total 113152K, used 53497K [0x00000000a0000000, 0x00000000a6e80000, 0x00000000e0000000)
  object space 113152K, 47% used [0x00000000a0000000,0x00000000a343e680,0x00000000a6e80000)
 Metaspace       used 76377K, capacity 81146K, committed 81408K, reserved 1120256K
  class space    used 9731K, capacity 10445K, committed 10496K, reserved 1048576K
Event: 2144.785 GC heap after
Heap after GC invocations=55 (full 4):
 PSYoungGen      total 220160K, used 22436K [0x00000000e0000000, 0x00000000f1780000, 0x0000000100000000)
  eden space 194560K, 0% used [0x00000000e0000000,0x00000000e0000000,0x00000000ebe00000)
  from space 25600K, 87% used [0x00000000ebe00000,0x00000000ed3e90b8,0x00000000ed700000)
  to   space 28160K, 0% used [0x00000000efc00000,0x00000000efc00000,0x00000000f1780000)
 ParOldGen       total 113152K, used 58338K [0x00000000a0000000, 0x00000000a6e80000, 0x00000000e0000000)
  object space 113152K, 51% used [0x00000000a0000000,0x00000000a38f8a28,0x00000000a6e80000)
 Metaspace       used 76377K, capacity 81146K, committed 81408K, reserved 1120256K
  class space    used 9731K, capacity 10445K, committed 10496K, reserved 1048576K
}
Event: 2145.003 GC heap before
{Heap before GC invocations=56 (full 4):
 PSYoungGen      total 220160K, used 216641K [0x00000000e0000000, 0x00000000f1780000, 0x0000000100000000)
  eden space 194560K, 99% used [0x00000000e0000000,0x00000000ebda7548,0x00000000ebe00000)
  from space 25600K, 87% used [0x00000000ebe00000,0x00000000ed3e90b8,0x00000000ed700000)
  to   space 28160K, 0% used [0x00000000efc00000,0x00000000efc00000,0x00000000f1780000)
 ParOldGen       total 113152K, used 58338K [0x00000000a0000000, 0x00000000a6e80000, 0x00000000e0000000)
  object space 113152K, 51% used [0x00000000a0000000,0x00000000a38f8a28,0x00000000a6e80000)
 Metaspace       used 76407K, capacity 81212K, committed 81408K, reserved 1120256K
  class space    used 9731K, capacity 10446K, committed 10496K, reserved 1048576K
Event: 2145.024 GC heap after
Heap after GC invocations=56 (full 4):
 PSYoungGen      total 258048K, used 8763K [0x00000000e0000000, 0x00000000f1680000, 0x0000000100000000)
  eden space 230912K, 0% used [0x00000000e0000000,0x00000000e0000000,0x00000000ee180000)
  from space 27136K, 32% used [0x00000000efc00000,0x00000000f048eea0,0x00000000f1680000)
  to   space 27136K, 0% used [0x00000000ee180000,0x00000000ee180000,0x00000000efc00000)
 ParOldGen       total 113152K, used 59250K [0x00000000a0000000, 0x00000000a6e80000, 0x00000000e0000000)
  object space 113152K, 52% used [0x00000000a0000000,0x00000000a39dca68,0x00000000a6e80000)
 Metaspace       used 76407K, capacity 81212K, committed 81408K, reserved 1120256K
  class space    used 9731K, capacity 10446K, committed 10496K, reserved 1048576K
}
Event: 2423.810 GC heap before
{Heap before GC invocations=57 (full 4):
 PSYoungGen      total 258048K, used 239675K [0x00000000e0000000, 0x00000000f1680000, 0x0000000100000000)
  eden space 230912K, 100% used [0x00000000e0000000,0x00000000ee180000,0x00000000ee180000)
  from space 27136K, 32% used [0x00000000efc00000,0x00000000f048eea0,0x00000000f1680000)
  to   space 27136K, 0% used [0x00000000ee180000,0x00000000ee180000,0x00000000efc00000)
 ParOldGen       total 113152K, used 59250K [0x00000000a0000000, 0x00000000a6e80000, 0x00000000e0000000)
  object space 113152K, 52% used [0x00000000a0000000,0x00000000a39dca68,0x00000000a6e80000)
 Metaspace       used 76527K, capacity 81350K, committed 81408K, reserved 1120256K
  class space    used 9744K, capacity 10461K, committed 10496K, reserved 1048576K
Event: 2423.904 GC heap after
Heap after GC invocations=57 (full 4):
 PSYoungGen      total 258048K, used 8400K [0x00000000e0000000, 0x00000000f3d00000, 0x0000000100000000)
  eden space 230912K, 0% used [0x00000000e0000000,0x00000000e0000000,0x00000000ee180000)
  from space 27136K, 30% used [0x00000000ee180000,0x00000000ee9b4050,0x00000000efc00000)
  to   space 26112K, 0% used [0x00000000f2380000,0x00000000f2380000,0x00000000f3d00000)
 ParOldGen       total 113152K, used 59454K [0x00000000a0000000, 0x00000000a6e80000, 0x00000000e0000000)
  object space 113152K, 52% used [0x00000000a0000000,0x00000000a3a0fa78,0x00000000a6e80000)
 Metaspace       used 76527K, capacity 81350K, committed 81408K, reserved 1120256K
  class space    used 9744K, capacity 10461K, committed 10496K, reserved 1048576K
}
Event: 2499.823 GC heap before
{Heap before GC invocations=58 (full 4):
 PSYoungGen      total 258048K, used 239081K [0x00000000e0000000, 0x00000000f3d00000, 0x0000000100000000)
  eden space 230912K, 99% used [0x00000000e0000000,0x00000000ee146700,0x00000000ee180000)
  from space 27136K, 30% used [0x00000000ee180000,0x00000000ee9b4050,0x00000000efc00000)
  to   space 26112K, 0% used [0x00000000f2380000,0x00000000f2380000,0x00000000f3d00000)
 ParOldGen       total 113152K, used 59454K [0x00000000a0000000, 0x00000000a6e80000, 0x00000000e0000000)
  object space 113152K, 52% used [0x00000000a0000000,0x00000000a3a0fa78,0x00000000a6e80000)
 Metaspace       used 77419K, capacity 83288K, committed 83456K, reserved 1122304K
  class space    used 9920K, capacity 10748K, committed 10752K, reserved 1048576K
Event: 2500.131 GC heap after
Heap after GC invocations=58 (full 4):
 PSYoungGen      total 294400K, used 14578K [0x00000000e0000000, 0x00000000f3b00000, 0x0000000100000000)
  eden space 270336K, 0% used [0x00000000e0000000,0x00000000e0000000,0x00000000f0800000)
  from space 24064K, 60% used [0x00000000f2380000,0x00000000f31bca30,0x00000000f3b00000)
  to   space 26112K, 0% used [0x00000000f0800000,0x00000000f0800000,0x00000000f2180000)
 ParOldGen       total 113152K, used 60118K [0x00000000a0000000, 0x00000000a6e80000, 0x00000000e0000000)
  object space 113152K, 53% used [0x00000000a0000000,0x00000000a3ab5a98,0x00000000a6e80000)
 Metaspace       used 77419K, capacity 83288K, committed 83456K, reserved 1122304K
  class space    used 9920K, capacity 10748K, committed 10752K, reserved 1048576K
}

Deoptimization events (10 events):
Event: 2425.524 Thread 0x0000000018b4e000 Uncommon trap: reason=bimorphic action=maybe_recompile pc=0x0000000003707ab4 method=com.google.common.collect.AbstractMapBasedMultimap.put(Ljava/lang/Object;Ljava/lang/Object;)Z @ 70
Event: 2425.524 Thread 0x0000000018b4e000 Uncommon trap: reason=bimorphic action=maybe_recompile pc=0x0000000003707ab4 method=com.google.common.collect.AbstractMapBasedMultimap.put(Ljava/lang/Object;Ljava/lang/Object;)Z @ 70
Event: 2425.525 Thread 0x0000000018b4e000 Uncommon trap: reason=bimorphic action=maybe_recompile pc=0x0000000003707ab4 method=com.google.common.collect.AbstractMapBasedMultimap.put(Ljava/lang/Object;Ljava/lang/Object;)Z @ 70
Event: 2425.525 Thread 0x0000000018b4e000 Uncommon trap: reason=bimorphic action=maybe_recompile pc=0x0000000003707ab4 method=com.google.common.collect.AbstractMapBasedMultimap.put(Ljava/lang/Object;Ljava/lang/Object;)Z @ 70
Event: 2425.526 Thread 0x0000000018b4e000 Uncommon trap: reason=class_check action=maybe_recompile pc=0x0000000002e83180 method=com.google.common.collect.AbstractMapBasedMultimap.wrapCollection(Ljava/lang/Object;Ljava/util/Collection;)Ljava/util/Collection; @ 44
Event: 2425.526 Thread 0x0000000018b4e000 Uncommon trap: reason=class_check action=maybe_recompile pc=0x0000000002e83180 method=com.google.common.collect.AbstractMapBasedMultimap.wrapCollection(Ljava/lang/Object;Ljava/util/Collection;)Ljava/util/Collection; @ 44
Event: 2425.526 Thread 0x0000000018b4e000 Uncommon trap: reason=class_check action=maybe_recompile pc=0x0000000002e83180 method=com.google.common.collect.AbstractMapBasedMultimap.wrapCollection(Ljava/lang/Object;Ljava/util/Collection;)Ljava/util/Collection; @ 44
Event: 2425.527 Thread 0x0000000018b4e000 Uncommon trap: reason=class_check action=maybe_recompile pc=0x0000000002e83180 method=com.google.common.collect.AbstractMapBasedMultimap.wrapCollection(Ljava/lang/Object;Ljava/util/Collection;)Ljava/util/Collection; @ 44
Event: 2478.305 Thread 0x0000000018b4e000 Uncommon trap: reason=class_check action=maybe_recompile pc=0x0000000004a86ac8 method=sun.nio.cs.ThreadLocalCoders$1.hasName(Ljava/lang/Object;Ljava/lang/Object;)Z @ 8
Event: 2514.935 Thread 0x0000000018b4e000 Uncommon trap: reason=unstable_if action=reinterpret pc=0x0000000004fd88e4 method=sun.nio.cs.ThreadLocalCoders$Cache.forName(Ljava/lang/Object;)Ljava/lang/Object; @ 66

Internal exceptions (10 events):
Event: 2842.756 Thread 0x000000001c4c7800 Exception <a 'sun/nio/fs/WindowsException'> (0x00000000e880da50) thrown at [C:\src\android\AOSP-openjdk\external\jetbrains\jdk\hotspot\src\share\vm\prims\jni.cpp, line 709]
Event: 2842.756 Thread 0x000000001c4c7800 Exception <a 'sun/nio/fs/WindowsException'> (0x00000000e880e608) thrown at [C:\src\android\AOSP-openjdk\external\jetbrains\jdk\hotspot\src\share\vm\prims\jni.cpp, line 709]
Event: 2842.757 Thread 0x000000001c4c7800 Exception <a 'sun/nio/fs/WindowsException'> (0x00000000e8810e30) thrown at [C:\src\android\AOSP-openjdk\external\jetbrains\jdk\hotspot\src\share\vm\prims\jni.cpp, line 709]
Event: 2842.757 Thread 0x000000001c4c7800 Exception <a 'sun/nio/fs/WindowsException'> (0x00000000e8811a18) thrown at [C:\src\android\AOSP-openjdk\external\jetbrains\jdk\hotspot\src\share\vm\prims\jni.cpp, line 709]
Event: 2842.758 Thread 0x000000001c4c7800 Exception <a 'sun/nio/fs/WindowsException'> (0x00000000e8813630) thrown at [C:\src\android\AOSP-openjdk\external\jetbrains\jdk\hotspot\src\share\vm\prims\jni.cpp, line 709]
Event: 2842.758 Thread 0x000000001c4c7800 Exception <a 'sun/nio/fs/WindowsException'> (0x00000000e8814258) thrown at [C:\src\android\AOSP-openjdk\external\jetbrains\jdk\hotspot\src\share\vm\prims\jni.cpp, line 709]
Event: 2842.759 Thread 0x000000001c4c7800 Exception <a 'sun/nio/fs/WindowsException'> (0x00000000e8816c78) thrown at [C:\src\android\AOSP-openjdk\external\jetbrains\jdk\hotspot\src\share\vm\prims\jni.cpp, line 709]
Event: 2842.759 Thread 0x000000001c4c7800 Exception <a 'sun/nio/fs/WindowsException'> (0x00000000e88178d8) thrown at [C:\src\android\AOSP-openjdk\external\jetbrains\jdk\hotspot\src\share\vm\prims\jni.cpp, line 709]
Event: 2842.760 Thread 0x000000001c4c7800 Exception <a 'sun/nio/fs/WindowsException'> (0x00000000e8819568) thrown at [C:\src\android\AOSP-openjdk\external\jetbrains\jdk\hotspot\src\share\vm\prims\jni.cpp, line 709]
Event: 2842.760 Thread 0x000000001c4c7800 Exception <a 'sun/nio/fs/WindowsException'> (0x00000000e881a208) thrown at [C:\src\android\AOSP-openjdk\external\jetbrains\jdk\hotspot\src\share\vm\prims\jni.cpp, line 709]

Events (10 events):
Event: 2839.020 loading class asLocalRepo3160_6hho6pcg0gp8xiwhr4lqbwtqs$_run_closure1$_closure3
Event: 2839.020 loading class asLocalRepo3160_6hho6pcg0gp8xiwhr4lqbwtqs$_run_closure1$_closure3 done
Event: 2839.022 loading class groovy/runtime/metaclass/asLocalRepo3160_6hho6pcg0gp8xiwhr4lqbwtqs$_run_closure1$_closure3MetaClass
Event: 2839.022 loading class groovy/runtime/metaclass/asLocalRepo3160_6hho6pcg0gp8xiwhr4lqbwtqs$_run_closure1$_closure3MetaClass done
Event: 2839.024 loading class asLocalRepo3160_6hho6pcg0gp8xiwhr4lqbwtqs$_run_closure1$_closure3$_closure6
Event: 2839.024 loading class asLocalRepo3160_6hho6pcg0gp8xiwhr4lqbwtqs$_run_closure1$_closure3$_closure6 done
Event: 2839.027 loading class groovy/runtime/metaclass/asLocalRepo3160_6hho6pcg0gp8xiwhr4lqbwtqs$_run_closure1$_closure3$_closure6MetaClass
Event: 2839.027 loading class groovy/runtime/metaclass/asLocalRepo3160_6hho6pcg0gp8xiwhr4lqbwtqs$_run_closure1$_closure3$_closure6MetaClass done
Event: 2839.033 Thread 0x000000001607c800 flushing nmethod 0x0000000005a5b250
Event: 2844.879 Thread 0x000000001c4cc800 Thread added: 0x000000001c4cc800


Dynamic libraries:
0x00007ff7e66c0000 - 0x00007ff7e66f1000 	C:\Program Files\Android\Android Studio\jre\bin\java.exe
0x00007ffcce1e0000 - 0x00007ffcce3b2000 	C:\WINDOWS\SYSTEM32\ntdll.dll
0x00007ffccdb90000 - 0x00007ffccdc3c000 	C:\WINDOWS\System32\KERNEL32.DLL
0x00007ffccb550000 - 0x00007ffccb76d000 	C:\WINDOWS\System32\KERNELBASE.dll
0x00007ffccdce0000 - 0x00007ffccdd82000 	C:\WINDOWS\System32\ADVAPI32.dll
0x00007ffccdaf0000 - 0x00007ffccdb8e000 	C:\WINDOWS\System32\msvcrt.dll
0x00007ffccdf00000 - 0x00007ffccdf59000 	C:\WINDOWS\System32\sechost.dll
0x00007ffccd160000 - 0x00007ffccd281000 	C:\WINDOWS\System32\RPCRT4.dll
0x00007ffccd3f0000 - 0x00007ffccd555000 	C:\WINDOWS\System32\USER32.dll
0x00007ffcca860000 - 0x00007ffcca87e000 	C:\WINDOWS\System32\win32u.dll
0x00007ffccd090000 - 0x00007ffccd0c4000 	C:\WINDOWS\System32\GDI32.dll
0x00007ffcca6e0000 - 0x00007ffcca860000 	C:\WINDOWS\System32\gdi32full.dll
0x00007ffcc0080000 - 0x00007ffcc02fa000 	C:\WINDOWS\WinSxS\amd64_microsoft.windows.common-controls_6595b64144ccf1df_6.0.14393.953_none_42151e83c686086b\COMCTL32.dll
0x00007ffccb770000 - 0x00007ffccba38000 	C:\WINDOWS\System32\combase.dll
0x00007ffccb360000 - 0x00007ffccb455000 	C:\WINDOWS\System32\ucrtbase.dll
0x00007ffcca880000 - 0x00007ffcca8ea000 	C:\WINDOWS\System32\bcryptPrimitives.dll
0x00007ffccdd90000 - 0x00007ffccddbe000 	C:\WINDOWS\System32\IMM32.DLL
0x0000000076410000 - 0x00000000764e2000 	C:\Program Files\Android\Android Studio\jre\jre\bin\msvcr100.dll
0x0000000074e60000 - 0x000000007569c000 	C:\Program Files\Android\Android Studio\jre\jre\bin\server\jvm.dll
0x00007ffccd130000 - 0x00007ffccd138000 	C:\WINDOWS\System32\PSAPI.DLL
0x00007ffcc6fc0000 - 0x00007ffcc6fca000 	C:\WINDOWS\SYSTEM32\VERSION.dll
0x00007ffcba0e0000 - 0x00007ffcba0e9000 	C:\WINDOWS\SYSTEM32\WSOCK32.dll
0x00007ffcc8530000 - 0x00007ffcc8553000 	C:\WINDOWS\SYSTEM32\WINMM.dll
0x00007ffcccfc0000 - 0x00007ffccd02a000 	C:\WINDOWS\System32\WS2_32.dll
0x0000000002400000 - 0x000000000242b000 	C:\WINDOWS\SYSTEM32\WINMMBASE.dll
0x00007ffccb460000 - 0x00007ffccb4a2000 	C:\WINDOWS\System32\cfgmgr32.dll
0x00007ffcc8090000 - 0x00007ffcc809f000 	C:\Program Files\Android\Android Studio\jre\jre\bin\verify.dll
0x00007ffcc2760000 - 0x00007ffcc2789000 	C:\Program Files\Android\Android Studio\jre\jre\bin\java.dll
0x00007ffcc5e20000 - 0x00007ffcc5e36000 	C:\Program Files\Android\Android Studio\jre\jre\bin\zip.dll
0x00007ffccbab0000 - 0x00007ffcccfb8000 	C:\WINDOWS\System32\SHELL32.dll
0x00007ffcca8f0000 - 0x00007ffccafca000 	C:\WINDOWS\System32\windows.storage.dll
0x00007ffcca660000 - 0x00007ffcca6ac000 	C:\WINDOWS\System32\powrprof.dll
0x00007ffccd390000 - 0x00007ffccd3e2000 	C:\WINDOWS\System32\shlwapi.dll
0x00007ffcca650000 - 0x00007ffcca65f000 	C:\WINDOWS\System32\kernel.appcore.dll
0x00007ffccb080000 - 0x00007ffccb129000 	C:\WINDOWS\System32\shcore.dll
0x00007ffcca6b0000 - 0x00007ffcca6c4000 	C:\WINDOWS\System32\profapi.dll
0x00007ffcc4860000 - 0x00007ffcc487a000 	C:\Program Files\Android\Android Studio\jre\jre\bin\net.dll
0x00007ffcc9f80000 - 0x00007ffcc9fdc000 	C:\WINDOWS\system32\mswsock.dll
0x00007ffcc26b0000 - 0x00007ffcc26c1000 	C:\Program Files\Android\Android Studio\jre\jre\bin\nio.dll
0x00007ffcc2b90000 - 0x00007ffcc2bae000 	C:\Users\VISHAL\.gradle\native\23\windows-amd64\native-platform.dll
0x00007ffcca120000 - 0x00007ffcca137000 	C:\WINDOWS\SYSTEM32\CRYPTSP.dll
0x00007ffcc9b80000 - 0x00007ffcc9bb3000 	C:\WINDOWS\system32\rsaenh.dll
0x00007ffcca590000 - 0x00007ffcca5bb000 	C:\WINDOWS\SYSTEM32\bcrypt.dll
0x00007ffcc9e00000 - 0x00007ffcc9e1f000 	C:\WINDOWS\SYSTEM32\USERENV.dll
0x00007ffcca140000 - 0x00007ffcca14b000 	C:\WINDOWS\SYSTEM32\CRYPTBASE.dll
0x00007ffcc9d00000 - 0x00007ffcc9d38000 	C:\WINDOWS\SYSTEM32\IPHLPAPI.DLL
0x00007ffccdf60000 - 0x00007ffccdf68000 	C:\WINDOWS\System32\NSI.dll
0x00007ffcc3880000 - 0x00007ffcc3896000 	C:\WINDOWS\SYSTEM32\dhcpcsvc6.DLL
0x00007ffcc3990000 - 0x00007ffcc39aa000 	C:\WINDOWS\SYSTEM32\dhcpcsvc.DLL
0x00007ffcc4820000 - 0x00007ffcc482d000 	C:\Program Files\Android\Android Studio\jre\jre\bin\management.dll
0x00007ffcc9a50000 - 0x00007ffcc9a82000 	C:\WINDOWS\SYSTEM32\ntmarta.dll

VM Arguments:
jvm_args: -Xmx1536m -Dfile.encoding=windows-1252 -Duser.country=IN -Duser.language=en -Duser.variant 
java_command: org.gradle.launcher.daemon.bootstrap.GradleDaemon 3.3
java_class_path (initial): C:\Users\VISHAL\.gradle\wrapper\dists\gradle-3.3-all\55gk2rcmfc6p2dg9u9ohc3hw9\gradle-3.3\lib\gradle-launcher-3.3.jar
Launcher Type: SUN_STANDARD

Environment Variables:
PATH=C:\Program Files\Broadcom\Broadcom 802.11 Network Adapter;C:\WINDOWS\system32;C:\WINDOWS;C:\WINDOWS\System32\Wbem;C:\WINDOWS\System32\WindowsPowerShell\v1.0\;C:\Program Files\WIDCOMM\Bluetooth Software\;C:\Program Files\WIDCOMM\Bluetooth Software\syswow64;C:\Program Files (x86)\ATI Technologies\ATI.ACE\Core-Static;C:\Program Files\Sony\VAIO Improvement;C:\Program Files (x86)\Sony\VAIO BIOS Data Transfer Utility\;C:\Program Files (x86)\Sony\VAIO Startup Setting Tool;C:\Program Files\MATLAB\MATLAB Production Server\R2015a\runtime\win64;C:\Program Files\MATLAB\MATLAB Production Server\R2015a\bin;C:\Program Files\MATLAB\MATLAB Production Server\R2015a\polyspace\bin;C:\Users\VISHAL\AppData\Local\Microsoft\WindowsApps;
USERNAME=VISHAL
OS=Windows_NT
PROCESSOR_IDENTIFIER=AMD64 Family 21 Model 19 Stepping 1, AuthenticAMD



---------------  S Y S T E M  ---------------

OS: Windows 10.0 , 64 bit Build 14393 (10.0.14393.1198)

CPU:total 4 (4 cores per cpu, 1 threads per core) family 21 model 19 stepping 1, cmov, cx8, fxsr, mmx, sse, sse2, sse3, ssse3, sse4.1, sse4.2, popcnt, avx, aes, clmul, mmxext, 3dnowpref, lzcnt, sse4a, tsc, tscinvbit, tscinv, bmi1

Memory: 4k page, physical 3348260k(449448k free), swap 4454180k(5224k free)

vm_info: OpenJDK 64-Bit Server VM (25.112-b06) for windows-amd64 JRE (1.8.0_112-release-b06), built on Dec  8 2016 00:54:26 by "builder" with MS VC++ 10.0 (VS2010)

time: Fri Sep 08 13:48:47 2017
elapsed time: 2845 seconds (0d 0h 47m 25s)

