#
# There is insufficient memory for the Java Runtime Environment to continue.
# Native memory allocation (malloc) failed to allocate 722176 bytes for Chunk::new
# Possible reasons:
#   The system is out of physical RAM or swap space
#   In 32 bit mode, the process size limit was hit
# Possible solutions:
#   Reduce memory load on the system
#   Increase physical memory or swap space
#   Check if swap backing store is full
#   Use 64 bit Java on a 64 bit OS
#   Decrease Java heap size (-Xmx/-Xms)
#   Decrease number of Java threads
#   Decrease Java thread stack sizes (-Xss)
#   Set larger code cache with -XX:ReservedCodeCacheSize=
# This output file may be truncated or incomplete.
#
#  Out of Memory Error (allocation.cpp:390), pid=22008, tid=0x0000000000004950
#
# JRE version: OpenJDK Runtime Environment (8.0_112-b06) (build 1.8.0_112-release-b06)
# Java VM: OpenJDK 64-Bit Server VM (25.112-b06 mixed mode windows-amd64 compressed oops)
# Failed to write core dump. Minidumps are not enabled by default on client versions of Windows
#

---------------  T H R E A D  ---------------

Current thread (0x0000000015f7a800):  JavaThread "C2 CompilerThread0" daemon [_thread_in_native, id=18768, stack(0x00000000174d0000,0x00000000175d0000)]

Stack: [0x00000000174d0000,0x00000000175d0000]
[error occurred during error reporting (printing stack bounds), id 0xc0000005]

Native frames: (J=compiled Java code, j=interpreted, Vv=VM code, C=native code)


Current CompileTask:
C2:2823394 16786   !   4       com.android.dx.cf.code.Ropper::processBlock (1101 bytes)


---------------  P R O C E S S  ---------------

Java Threads: ( => current thread )
  0x0000000018d93000 JavaThread "pool-29-thread-1" [_thread_new, id=5732, stack(0x0000000000000000,0x0000000000000000)]
  0x0000000018d8d000 JavaThread "pool-28-thread-1" [_thread_new, id=23280, stack(0x0000000000000000,0x0000000000000000)]
  0x0000000018d90000 JavaThread "pool-26-thread-4" [_thread_new, id=5248, stack(0x0000000000000000,0x0000000000000000)]
  0x0000000018d92000 JavaThread "pool-26-thread-3" [_thread_new, id=14832, stack(0x0000000000000000,0x0000000000000000)]
  0x0000000018d8d800 JavaThread "pool-26-thread-2" [_thread_new, id=18048, stack(0x0000000000000000,0x0000000000000000)]
  0x0000000018d8f000 JavaThread "pool-27-thread-1" [_thread_new, id=21544, stack(0x0000000000000000,0x0000000000000000)]
  0x000000001be04000 JavaThread "pool-26-thread-1" [_thread_new, id=22324, stack(0x0000000000000000,0x0000000000000000)]
  0x000000001be0b000 JavaThread "pool-24-thread-4" [_thread_blocked, id=8140, stack(0x00000000283a0000,0x00000000284a0000)]
  0x000000001be0a800 JavaThread "pool-24-thread-3" [_thread_blocked, id=8032, stack(0x00000000282a0000,0x00000000283a0000)]
  0x000000001be08000 JavaThread "pool-24-thread-2" [_thread_blocked, id=23784, stack(0x00000000281a0000,0x00000000282a0000)]
  0x000000001be05800 JavaThread "pool-25-thread-1" [_thread_blocked, id=23692, stack(0x00000000280a0000,0x00000000281a0000)]
  0x000000001be07000 JavaThread "pool-24-thread-1" [_thread_blocked, id=20604, stack(0x0000000027fa0000,0x00000000280a0000)]
  0x000000001be05000 JavaThread "pool-22-thread-4" [_thread_in_Java, id=24316, stack(0x0000000027ea0000,0x0000000027fa0000)]
  0x000000001be09800 JavaThread "pool-22-thread-3" [_thread_blocked, id=6868, stack(0x0000000027da0000,0x0000000027ea0000)]
  0x000000001bdfc800 JavaThread "pool-22-thread-2" [_thread_in_Java, id=21264, stack(0x0000000027ca0000,0x0000000027da0000)]
  0x000000001be02800 JavaThread "pool-23-thread-1" [_thread_blocked, id=9992, stack(0x0000000027ba0000,0x0000000027ca0000)]
  0x000000001be02000 JavaThread "pool-22-thread-1" [_thread_blocked, id=11312, stack(0x0000000027aa0000,0x0000000027ba0000)]
  0x000000001bdff800 JavaThread "pool-11-thread-4" [_thread_in_Java, id=24084, stack(0x0000000026fa0000,0x00000000270a0000)]
  0x000000001abfe800 JavaThread "pool-11-thread-3" [_thread_in_Java, id=22832, stack(0x0000000025fa0000,0x00000000260a0000)]
  0x000000001abf9800 JavaThread "pool-11-thread-2" [_thread_in_native, id=1144, stack(0x0000000025ea0000,0x0000000025fa0000)]
  0x000000001abf7000 JavaThread "pool-11-thread-1" [_thread_in_Java, id=11844, stack(0x0000000025ca0000,0x0000000025da0000)]
  0x000000001abf3800 JavaThread "pool-10-thread-4" [_thread_blocked, id=7940, stack(0x0000000025ba0000,0x0000000025ca0000)]
  0x000000001abf8000 JavaThread "pool-10-thread-3" [_thread_blocked, id=23752, stack(0x0000000025aa0000,0x0000000025ba0000)]
  0x000000001abf6800 JavaThread "pool-10-thread-2" [_thread_blocked, id=5928, stack(0x00000000259a0000,0x0000000025aa0000)]
  0x000000001abfa000 JavaThread "pool-10-thread-1" [_thread_blocked, id=704, stack(0x00000000258a0000,0x00000000259a0000)]
  0x000000001abef800 JavaThread "Cache update executor" [_thread_blocked, id=23636, stack(0x00000000251a0000,0x00000000252a0000)]
  0x000000001abf2800 JavaThread "Asynchronous log dispatcher for DefaultDaemonConnection: socket connection from /127.0.0.1:51534 to /127.0.0.1:51932" [_thread_blocked, id=5164, stack(0x0000000024fa0000,0x00000000250a0000)]
  0x000000001abf5800 JavaThread "Daemon worker Thread 3" [_thread_blocked, id=16116, stack(0x0000000024ea0000,0x0000000024fa0000)]
  0x000000001abf5000 JavaThread "Cancel handler" [_thread_blocked, id=8860, stack(0x0000000024da0000,0x0000000024ea0000)]
  0x000000001abf2000 JavaThread "Handler for socket connection from /127.0.0.1:51534 to /127.0.0.1:51932" [_thread_in_native, id=1380, stack(0x0000000024ca0000,0x0000000024da0000)]
  0x000000001abf4000 JavaThread "Daemon Thread 3" [_thread_blocked, id=6200, stack(0x0000000024ba0000,0x0000000024ca0000)]
  0x00000000179bc800 JavaThread "File lock request listener" [_thread_in_native, id=23300, stack(0x000000001b7e0000,0x000000001b8e0000)]
  0x0000000018bcb800 JavaThread "pool-1-thread-1" [_thread_blocked, id=768, stack(0x000000001a510000,0x000000001a610000)]
  0x00000000189ea800 JavaThread "Incoming local TCP Connector on port 51534" [_thread_in_native, id=6184, stack(0x0000000019ae0000,0x0000000019be0000)]
  0x0000000015fde800 JavaThread "Service Thread" daemon [_thread_blocked, id=19308, stack(0x0000000017bd0000,0x0000000017cd0000)]
  0x0000000015fdb800 JavaThread "C1 CompilerThread2" daemon [_thread_blocked, id=20972, stack(0x00000000176d0000,0x00000000177d0000)]
  0x0000000015fc8000 JavaThread "C2 CompilerThread1" daemon [_thread_in_native, id=9896, stack(0x00000000175d0000,0x00000000176d0000)]
=>0x0000000015f7a800 JavaThread "C2 CompilerThread0" daemon [_thread_in_native, id=18768, stack(0x00000000174d0000,0x00000000175d0000)]
  0x0000000015f79000 JavaThread "Attach Listener" daemon [_thread_blocked, id=6972, stack(0x00000000173d0000,0x00000000174d0000)]
  0x0000000015f77800 JavaThread "Signal Dispatcher" daemon [_thread_blocked, id=21436, stack(0x00000000172d0000,0x00000000173d0000)]
  0x000000000260b000 JavaThread "Finalizer" daemon [_thread_blocked, id=22304, stack(0x00000000171d0000,0x00000000172d0000)]
  0x0000000002600000 JavaThread "Reference Handler" daemon [_thread_blocked, id=21476, stack(0x00000000170d0000,0x00000000171d0000)]
  0x0000000002510800 JavaThread "main" [_thread_blocked, id=12576, stack(0x0000000002410000,0x0000000002510000)]

Other Threads:
  0x0000000015f45800 VMThread [stack: 0x0000000016fd0000,0x00000000170d0000] [id=20928]
  0x00000000177d9000 WatcherThread [stack: 0x0000000017cd0000,0x0000000017dd0000] [id=8560]

VM state:not at safepoint (normal execution)

VM Mutex/Monitor currently owned by a thread: None

Heap:
 PSYoungGen      total 187904K, used 154759K [0x00000000e0000000, 0x00000000efc00000, 0x0000000100000000)
  eden space 146432K, 95% used [0x00000000e0000000,0x00000000e87fa358,0x00000000e8f00000)
  from space 41472K, 37% used [0x00000000e8f00000,0x00000000e9e278f0,0x00000000eb780000)
  to   space 38912K, 0% used [0x00000000ed600000,0x00000000ed600000,0x00000000efc00000)
 ParOldGen       total 117248K, used 98631K [0x00000000a0000000, 0x00000000a7280000, 0x00000000e0000000)
  object space 117248K, 84% used [0x00000000a0000000,0x00000000a6051f40,0x00000000a7280000)
 Metaspace       used 84797K, capacity 87672K, committed 90496K, reserved 1128448K
  class space    used 10649K, capacity 11163K, committed 11904K, reserved 1048576K

Card table byte_map: [0x00000000119d0000,0x0000000011ce0000] byte_map_base: 0x00000000114d0000

Marking Bits: (ParMarkBitMap*) 0x0000000077f818f0
 Begin Bits: [0x00000000122e0000, 0x0000000013ae0000)
 End Bits:   [0x0000000013ae0000, 0x00000000152e0000)

Polling page: 0x00000000009d0000

CodeCache: size=245760Kb used=47866Kb max_used=48327Kb free=197893Kb
 bounds [0x0000000002610000, 0x0000000005580000, 0x0000000011610000]
 total_blobs=14407 nmethods=13588 adapters=732
 compilation: enabled

Compilation events (10 events):
Event: 2823.054 Thread 0x0000000015fdb800 16805       2       com.android.dx.rop.code.LocalItem::compareTo (32 bytes)
Event: 2823.055 Thread 0x0000000015fdb800 nmethod 16805 0x00000000034fe1d0 code [0x00000000034fe340, 0x00000000034fe5b8]
Event: 2823.058 Thread 0x0000000015fdb800 16806       2       com.android.dx.rop.code.LocalItem::hashCode (41 bytes)
Event: 2823.059 Thread 0x0000000015fdb800 nmethod 16806 0x0000000003e84cd0 code [0x0000000003e84e40, 0x0000000003e85038]
Event: 2823.059 Thread 0x0000000015fdb800 16807       2       com.android.dx.cf.code.LocalVariableList$Item::matchesPcAndIndex (35 bytes)
Event: 2823.060 Thread 0x0000000015fdb800 nmethod 16807 0x0000000004dbeb90 code [0x0000000004dbece0, 0x0000000004dbee70]
Event: 2823.060 Thread 0x0000000015fdb800 16808       2       com.android.dx.rop.code.LocalItem::equals (29 bytes)
Event: 2823.060 Thread 0x0000000015fdb800 nmethod 16808 0x00000000039cd690 code [0x00000000039cd800, 0x00000000039cdaf8]
Event: 2823.070 Thread 0x0000000015fdb800 16809       2       com.android.dx.ssa.DeadCodeRemover::isCircularNoSideEffect (140 bytes)
Event: 2823.072 Thread 0x0000000015fdb800 nmethod 16809 0x00000000036d48d0 code [0x00000000036d4ac0, 0x00000000036d5168]

GC Heap History (10 events):
Event: 2810.460 GC heap before
{Heap before GC invocations=38 (full 4):
 PSYoungGen      total 145408K, used 145383K [0x00000000e0000000, 0x00000000eae80000, 0x0000000100000000)
  eden space 126464K, 100% used [0x00000000e0000000,0x00000000e7b80000,0x00000000e7b80000)
  from space 18944K, 99% used [0x00000000e7b80000,0x00000000e8df9c88,0x00000000e8e00000)
  to   space 23040K, 0% used [0x00000000e9800000,0x00000000e9800000,0x00000000eae80000)
 ParOldGen       total 117248K, used 69951K [0x00000000a0000000, 0x00000000a7280000, 0x00000000e0000000)
  object space 117248K, 59% used [0x00000000a0000000,0x00000000a444fe30,0x00000000a7280000)
 Metaspace       used 86266K, capacity 90200K, committed 90496K, reserved 1128448K
  class space    used 11038K, capacity 11854K, committed 11904K, reserved 1048576K
Event: 2810.550 GC heap after
Heap after GC invocations=38 (full 4):
 PSYoungGen      total 147456K, used 23008K [0x00000000e0000000, 0x00000000eca00000, 0x0000000100000000)
  eden space 124416K, 0% used [0x00000000e0000000,0x00000000e0000000,0x00000000e7980000)
  from space 23040K, 99% used [0x00000000e9800000,0x00000000eae78120,0x00000000eae80000)
  to   space 31232K, 0% used [0x00000000e7980000,0x00000000e7980000,0x00000000e9800000)
 ParOldGen       total 117248K, used 82552K [0x00000000a0000000, 0x00000000a7280000, 0x00000000e0000000)
  object space 117248K, 70% used [0x00000000a0000000,0x00000000a509e230,0x00000000a7280000)
 Metaspace       used 86266K, capacity 90200K, committed 90496K, reserved 1128448K
  class space    used 11038K, capacity 11854K, committed 11904K, reserved 1048576K
}
Event: 2811.467 GC heap before
{Heap before GC invocations=39 (full 4):
 PSYoungGen      total 147456K, used 147424K [0x00000000e0000000, 0x00000000eca00000, 0x0000000100000000)
  eden space 124416K, 100% used [0x00000000e0000000,0x00000000e7980000,0x00000000e7980000)
  from space 23040K, 99% used [0x00000000e9800000,0x00000000eae78120,0x00000000eae80000)
  to   space 31232K, 0% used [0x00000000e7980000,0x00000000e7980000,0x00000000e9800000)
 ParOldGen       total 117248K, used 82552K [0x00000000a0000000, 0x00000000a7280000, 0x00000000e0000000)
  object space 117248K, 70% used [0x00000000a0000000,0x00000000a509e230,0x00000000a7280000)
 Metaspace       used 86314K, capacity 90264K, committed 90496K, reserved 1128448K
  class space    used 11038K, capacity 11854K, committed 11904K, reserved 1048576K
Event: 2811.926 GC heap after
Heap after GC invocations=39 (full 4):
 PSYoungGen      total 155648K, used 31054K [0x00000000e0000000, 0x00000000edb00000, 0x0000000100000000)
  eden space 124416K, 0% used [0x00000000e0000000,0x00000000e0000000,0x00000000e7980000)
  from space 31232K, 99% used [0x00000000e7980000,0x00000000e97d3a50,0x00000000e9800000)
  to   space 36352K, 0% used [0x00000000eb780000,0x00000000eb780000,0x00000000edb00000)
 ParOldGen       total 117248K, used 90593K [0x00000000a0000000, 0x00000000a7280000, 0x00000000e0000000)
  object space 117248K, 77% used [0x00000000a0000000,0x00000000a5878438,0x00000000a7280000)
 Metaspace       used 86314K, capacity 90264K, committed 90496K, reserved 1128448K
  class space    used 11038K, capacity 11854K, committed 11904K, reserved 1048576K
}
Event: 2812.463 GC heap before
{Heap before GC invocations=40 (full 4):
 PSYoungGen      total 155648K, used 155470K [0x00000000e0000000, 0x00000000edb00000, 0x0000000100000000)
  eden space 124416K, 100% used [0x00000000e0000000,0x00000000e7980000,0x00000000e7980000)
  from space 31232K, 99% used [0x00000000e7980000,0x00000000e97d3a50,0x00000000e9800000)
  to   space 36352K, 0% used [0x00000000eb780000,0x00000000eb780000,0x00000000edb00000)
 ParOldGen       total 117248K, used 90593K [0x00000000a0000000, 0x00000000a7280000, 0x00000000e0000000)
  object space 117248K, 77% used [0x00000000a0000000,0x00000000a5878438,0x00000000a7280000)
 Metaspace       used 86340K, capacity 90264K, committed 90496K, reserved 1128448K
  class space    used 11038K, capacity 11854K, committed 11904K, reserved 1048576K
Event: 2812.748 GC heap after
Heap after GC invocations=40 (full 4):
 PSYoungGen      total 182784K, used 34148K [0x00000000e0000000, 0x00000000ee680000, 0x0000000100000000)
  eden space 146432K, 0% used [0x00000000e0000000,0x00000000e0000000,0x00000000e8f00000)
  from space 36352K, 93% used [0x00000000eb780000,0x00000000ed8d9278,0x00000000edb00000)
  to   space 41472K, 0% used [0x00000000e8f00000,0x00000000e8f00000,0x00000000eb780000)
 ParOldGen       total 117248K, used 104438K [0x00000000a0000000, 0x00000000a7280000, 0x00000000e0000000)
  object space 117248K, 89% used [0x00000000a0000000,0x00000000a65fdbc0,0x00000000a7280000)
 Metaspace       used 86340K, capacity 90264K, committed 90496K, reserved 1128448K
  class space    used 11038K, capacity 11854K, committed 11904K, reserved 1048576K
}
Event: 2812.789 GC heap before
{Heap before GC invocations=41 (full 5):
 PSYoungGen      total 182784K, used 34148K [0x00000000e0000000, 0x00000000ee680000, 0x0000000100000000)
  eden space 146432K, 0% used [0x00000000e0000000,0x00000000e0000000,0x00000000e8f00000)
  from space 36352K, 93% used [0x00000000eb780000,0x00000000ed8d9278,0x00000000edb00000)
  to   space 41472K, 0% used [0x00000000e8f00000,0x00000000e8f00000,0x00000000eb780000)
 ParOldGen       total 117248K, used 104438K [0x00000000a0000000, 0x00000000a7280000, 0x00000000e0000000)
  object space 117248K, 89% used [0x00000000a0000000,0x00000000a65fdbc0,0x00000000a7280000)
 Metaspace       used 86340K, capacity 90264K, committed 90496K, reserved 1128448K
  class space    used 11038K, capacity 11854K, committed 11904K, reserved 1048576K
Event: 2820.854 GC heap after
Heap after GC invocations=41 (full 5):
 PSYoungGen      total 182784K, used 0K [0x00000000e0000000, 0x00000000ee680000, 0x0000000100000000)
  eden space 146432K, 0% used [0x00000000e0000000,0x00000000e0000000,0x00000000e8f00000)
  from space 36352K, 0% used [0x00000000eb780000,0x00000000eb780000,0x00000000edb00000)
  to   space 41472K, 0% used [0x00000000e8f00000,0x00000000e8f00000,0x00000000eb780000)
 ParOldGen       total 117248K, used 98623K [0x00000000a0000000, 0x00000000a7280000, 0x00000000e0000000)
  object space 117248K, 84% used [0x00000000a0000000,0x00000000a604ff40,0x00000000a7280000)
 Metaspace       used 84511K, capacity 87352K, committed 90496K, reserved 1128448K
  class space    used 10642K, capacity 11163K, committed 11904K, reserved 1048576K
}
Event: 2822.279 GC heap before
{Heap before GC invocations=42 (full 5):
 PSYoungGen      total 182784K, used 146432K [0x00000000e0000000, 0x00000000ee680000, 0x0000000100000000)
  eden space 146432K, 100% used [0x00000000e0000000,0x00000000e8f00000,0x00000000e8f00000)
  from space 36352K, 0% used [0x00000000eb780000,0x00000000eb780000,0x00000000edb00000)
  to   space 41472K, 0% used [0x00000000e8f00000,0x00000000e8f00000,0x00000000eb780000)
 ParOldGen       total 117248K, used 98623K [0x00000000a0000000, 0x00000000a7280000, 0x00000000e0000000)
  object space 117248K, 84% used [0x00000000a0000000,0x00000000a604ff40,0x00000000a7280000)
 Metaspace       used 84737K, capacity 87544K, committed 90496K, reserved 1128448K
  class space    used 10643K, capacity 11163K, committed 11904K, reserved 1048576K
Event: 2822.316 GC heap after
Heap after GC invocations=42 (full 5):
 PSYoungGen      total 187904K, used 15518K [0x00000000e0000000, 0x00000000efc00000, 0x0000000100000000)
  eden space 146432K, 0% used [0x00000000e0000000,0x00000000e0000000,0x00000000e8f00000)
  from space 41472K, 37% used [0x00000000e8f00000,0x00000000e9e278f0,0x00000000eb780000)
  to   space 38912K, 0% used [0x00000000ed600000,0x00000000ed600000,0x00000000efc00000)
 ParOldGen       total 117248K, used 98631K [0x00000000a0000000, 0x00000000a7280000, 0x00000000e0000000)
  object space 117248K, 84% used [0x00000000a0000000,0x00000000a6051f40,0x00000000a7280000)
 Metaspace       used 84737K, capacity 87544K, committed 90496K, reserved 1128448K
  class space    used 10643K, capacity 11163K, committed 11904K, reserved 1048576K
}

Deoptimization events (10 events):
Event: 2822.932 Thread 0x000000001be0b000 Uncommon trap: reason=class_check action=maybe_recompile pc=0x00000000054fd8ac method=com.android.dx.cf.code.Ropper.processBlock(Lcom/android/dx/cf/code/ByteBlock;Lcom/android/dx/cf/code/Frame;[I)V @ 777
Event: 2822.932 Thread 0x000000001be0b000 Uncommon trap: reason=class_check action=maybe_recompile pc=0x00000000054fd8ac method=com.android.dx.cf.code.Ropper.processBlock(Lcom/android/dx/cf/code/ByteBlock;Lcom/android/dx/cf/code/Frame;[I)V @ 777
Event: 2822.980 Thread 0x000000001be08000 Uncommon trap: reason=unloaded action=reinterpret pc=0x0000000004e51548 method=com.android.dx.ssa.SsaRenamer$BlockRenamer.visitMoveInsn(Lcom/android/dx/ssa/NormalSsaInsn;)V @ 208
Event: 2822.980 Thread 0x000000001be08000 Uncommon trap: reason=unstable_if action=reinterpret pc=0x00000000052af1b8 method=com.android.dx.ssa.SsaRenamer$BlockRenamer.process()V @ 59
Event: 2822.985 Thread 0x000000001be08000 Uncommon trap: reason=unstable_if action=reinterpret pc=0x0000000004b4ad08 method=com.android.dx.rop.code.RegisterSpec.equals(ILcom/android/dx/rop/type/TypeBearer;Lcom/android/dx/rop/code/LocalItem;)Z @ 24
Event: 2822.989 Thread 0x000000001be08000 Uncommon trap: reason=unstable_if action=reinterpret pc=0x0000000005493620 method=com.android.dx.rop.code.RegisterSpecSet.size()I @ 30
Event: 2822.994 Thread 0x000000001be08000 Uncommon trap: reason=unstable_if action=reinterpret pc=0x00000000053f0238 method=com.android.dx.ssa.NormalSsaInsn.getLocalAssignment()Lcom/android/dx/rop/code/RegisterSpec; @ 47
Event: 2822.994 Thread 0x000000001be08000 Uncommon trap: reason=unstable_if action=reinterpret pc=0x00000000050ab70c method=com.android.dx.ssa.NormalSsaInsn.getLocalAssignment()Lcom/android/dx/rop/code/RegisterSpec; @ 47
Event: 2822.995 Thread 0x000000001be08000 Uncommon trap: reason=unstable_if action=reinterpret pc=0x0000000004d13990 method=com.android.dx.rop.code.RegisterSpec.equals(ILcom/android/dx/rop/type/TypeBearer;Lcom/android/dx/rop/code/LocalItem;)Z @ 24
Event: 2823.061 Thread 0x000000001be0a800 Uncommon trap: reason=unstable_if action=reinterpret pc=0x000000000535572c method=com.android.dx.ssa.NormalSsaInsn.getLocalAssignment()Lcom/android/dx/rop/code/RegisterSpec; @ 12

Internal exceptions (10 events):
Event: 2809.475 Thread 0x000000001abf3800 Exception <a 'sun/nio/fs/WindowsException'> (0x00000000e007b6d8) thrown at [C:\src\android\AOSP-openjdk\external\jetbrains\jdk\hotspot\src\share\vm\prims\jni.cpp, line 709]
Event: 2809.748 Thread 0x000000001abf6800 Exception <a 'sun/nio/fs/WindowsException'> (0x00000000e1fe9168) thrown at [C:\src\android\AOSP-openjdk\external\jetbrains\jdk\hotspot\src\share\vm\prims\jni.cpp, line 709]
Event: 2809.870 Thread 0x000000001abfa000 Exception <a 'sun/nio/fs/WindowsException'> (0x00000000e18950a8) thrown at [C:\src\android\AOSP-openjdk\external\jetbrains\jdk\hotspot\src\share\vm\prims\jni.cpp, line 709]
Event: 2810.192 Thread 0x000000001abf6800 Exception <a 'sun/nio/fs/WindowsException'> (0x00000000e2008460) thrown at [C:\src\android\AOSP-openjdk\external\jetbrains\jdk\hotspot\src\share\vm\prims\jni.cpp, line 709]
Event: 2821.014 Thread 0x000000001abfa000 Exception <a 'sun/nio/fs/WindowsException'> (0x00000000e00280c0) thrown at [C:\src\android\AOSP-openjdk\external\jetbrains\jdk\hotspot\src\share\vm\prims\jni.cpp, line 709]
Event: 2821.440 Thread 0x000000001abfa000 Exception <a 'sun/nio/fs/WindowsException'> (0x00000000e4d67068) thrown at [C:\src\android\AOSP-openjdk\external\jetbrains\jdk\hotspot\src\share\vm\prims\jni.cpp, line 709]
Event: 2822.329 Thread 0x000000001abf6800 Exception <a 'sun/nio/fs/WindowsException'> (0x00000000e0103678) thrown at [C:\src\android\AOSP-openjdk\external\jetbrains\jdk\hotspot\src\share\vm\prims\jni.cpp, line 709]
Event: 2822.525 Thread 0x000000001be07000 Implicit null exception at 0x0000000002a3540f to 0x0000000002a3547e
Event: 2822.841 Thread 0x000000001abf8000 Exception <a 'sun/nio/fs/WindowsException'> (0x00000000e430a2c8) thrown at [C:\src\android\AOSP-openjdk\external\jetbrains\jdk\hotspot\src\share\vm\prims\jni.cpp, line 709]
Event: 2822.881 Thread 0x000000001abf3800 Exception <a 'sun/nio/fs/WindowsException'> (0x00000000e49493c8) thrown at [C:\src\android\AOSP-openjdk\external\jetbrains\jdk\hotspot\src\share\vm\prims\jni.cpp, line 709]

Events (10 events):
Event: 2823.175 Thread 0x000000001be05000 DEOPT PACKING pc=0x000000000508ab6d sp=0x0000000027f9e430
Event: 2823.175 Thread 0x000000001be05000 DEOPT UNPACKING pc=0x00000000026571bf sp=0x0000000027f9e198 mode 0
Event: 2823.175 Thread 0x000000001be05000 DEOPT PACKING pc=0x000000000508ab6d sp=0x0000000027f9e430
Event: 2823.175 Thread 0x000000001be05000 DEOPT UNPACKING pc=0x00000000026571bf sp=0x0000000027f9e198 mode 0
Event: 2823.176 Thread 0x000000001be05000 DEOPT PACKING pc=0x000000000508ab6d sp=0x0000000027f9e430
Event: 2823.176 Thread 0x000000001be05000 DEOPT UNPACKING pc=0x00000000026571bf sp=0x0000000027f9e198 mode 0
Event: 2823.176 Thread 0x000000001be05000 DEOPT PACKING pc=0x000000000508ab6d sp=0x0000000027f9e430
Event: 2823.176 Thread 0x000000001be05000 DEOPT UNPACKING pc=0x00000000026571bf sp=0x0000000027f9e198 mode 0
Event: 2823.177 Thread 0x000000001be05000 DEOPT PACKING pc=0x000000000508ab6d sp=0x0000000027f9e430
Event: 2823.177 Thread 0x000000001be05000 DEOPT UNPACKING pc=0x00000000026571bf sp=0x0000000027f9e198 mode 0


Dynamic libraries:
0x00007ff7460e0000 - 0x00007ff746111000 	C:\Program Files\Android\Android Studio\jre\bin\java.exe
0x00007ffeb1600000 - 0x00007ffeb17d2000 	C:\WINDOWS\SYSTEM32\ntdll.dll
0x00007ffeb1550000 - 0x00007ffeb15fc000 	C:\WINDOWS\System32\KERNEL32.DLL
0x00007ffeae5c0000 - 0x00007ffeae7dd000 	C:\WINDOWS\System32\KERNELBASE.dll
0x00007ffeafd60000 - 0x00007ffeafe02000 	C:\WINDOWS\System32\ADVAPI32.dll
0x00007ffeaff80000 - 0x00007ffeb001e000 	C:\WINDOWS\System32\msvcrt.dll
0x00007ffeaf980000 - 0x00007ffeaf9d9000 	C:\WINDOWS\System32\sechost.dll
0x00007ffeaef10000 - 0x00007ffeaf031000 	C:\WINDOWS\System32\RPCRT4.dll
0x00007ffeaeb90000 - 0x00007ffeaecf5000 	C:\WINDOWS\System32\USER32.dll
0x00007ffeae5a0000 - 0x00007ffeae5be000 	C:\WINDOWS\System32\win32u.dll
0x00007ffeafe70000 - 0x00007ffeafea4000 	C:\WINDOWS\System32\GDI32.dll
0x00007ffeaea10000 - 0x00007ffeaeb90000 	C:\WINDOWS\System32\gdi32full.dll
0x00007ffe9f090000 - 0x00007ffe9f30a000 	C:\WINDOWS\WinSxS\amd64_microsoft.windows.common-controls_6595b64144ccf1df_6.0.14393.953_none_42151e83c686086b\COMCTL32.dll
0x00007ffeaf610000 - 0x00007ffeaf8d8000 	C:\WINDOWS\System32\combase.dll
0x00007ffeae4a0000 - 0x00007ffeae595000 	C:\WINDOWS\System32\ucrtbase.dll
0x00007ffeadca0000 - 0x00007ffeadd0a000 	C:\WINDOWS\System32\bcryptPrimitives.dll
0x00007ffeaf1a0000 - 0x00007ffeaf1ce000 	C:\WINDOWS\System32\IMM32.DLL
0x00000000519b0000 - 0x0000000051a82000 	C:\Program Files\Android\Android Studio\jre\jre\bin\msvcr100.dll
0x00000000777c0000 - 0x0000000077ffc000 	C:\Program Files\Android\Android Studio\jre\jre\bin\server\jvm.dll
0x00007ffeaf1d0000 - 0x00007ffeaf1d8000 	C:\WINDOWS\System32\PSAPI.DLL
0x00007ffea91e0000 - 0x00007ffea91e9000 	C:\WINDOWS\SYSTEM32\WSOCK32.dll
0x00007ffeabd30000 - 0x00007ffeabd53000 	C:\WINDOWS\SYSTEM32\WINMM.dll
0x00007ffeaa700000 - 0x00007ffeaa70a000 	C:\WINDOWS\SYSTEM32\VERSION.dll
0x00007ffeabd00000 - 0x00007ffeabd2b000 	C:\WINDOWS\SYSTEM32\WINMMBASE.dll
0x00007ffeadc50000 - 0x00007ffeadc92000 	C:\WINDOWS\System32\cfgmgr32.dll
0x00007ffeaf9e0000 - 0x00007ffeafa4a000 	C:\WINDOWS\System32\WS2_32.dll
0x00007ffeab5f0000 - 0x00007ffeab5ff000 	C:\Program Files\Android\Android Studio\jre\jre\bin\verify.dll
0x00007ffea7730000 - 0x00007ffea7759000 	C:\Program Files\Android\Android Studio\jre\jre\bin\java.dll
0x00007ffeab5d0000 - 0x00007ffeab5e6000 	C:\Program Files\Android\Android Studio\jre\jre\bin\zip.dll
0x00007ffeb0040000 - 0x00007ffeb1548000 	C:\WINDOWS\System32\SHELL32.dll
0x00007ffeaddc0000 - 0x00007ffeae49a000 	C:\WINDOWS\System32\windows.storage.dll
0x00007ffeadab0000 - 0x00007ffeadafc000 	C:\WINDOWS\System32\powrprof.dll
0x00007ffeafd00000 - 0x00007ffeafd52000 	C:\WINDOWS\System32\shlwapi.dll
0x00007ffeada90000 - 0x00007ffeada9f000 	C:\WINDOWS\System32\kernel.appcore.dll
0x00007ffeadba0000 - 0x00007ffeadc49000 	C:\WINDOWS\System32\shcore.dll
0x00007ffeada70000 - 0x00007ffeada84000 	C:\WINDOWS\System32\profapi.dll
0x00007ffea3910000 - 0x00007ffea392a000 	C:\Program Files\Android\Android Studio\jre\jre\bin\net.dll
0x00007ffead340000 - 0x00007ffead39c000 	C:\WINDOWS\system32\mswsock.dll
0x00007ffea31b0000 - 0x00007ffea31c1000 	C:\Program Files\Android\Android Studio\jre\jre\bin\nio.dll
0x00007ffeabed0000 - 0x00007ffeabeee000 	C:\Users\VISHAL\.gradle\native\23\windows-amd64\native-platform.dll
0x00007ffead4e0000 - 0x00007ffead4f7000 	C:\WINDOWS\SYSTEM32\CRYPTSP.dll
0x00007ffeacf40000 - 0x00007ffeacf73000 	C:\WINDOWS\system32\rsaenh.dll
0x00007ffead9b0000 - 0x00007ffead9db000 	C:\WINDOWS\SYSTEM32\bcrypt.dll
0x00007ffead1c0000 - 0x00007ffead1df000 	C:\WINDOWS\SYSTEM32\USERENV.dll
0x00007ffead500000 - 0x00007ffead50b000 	C:\WINDOWS\SYSTEM32\CRYPTBASE.dll
0x00007ffead0c0000 - 0x00007ffead0f8000 	C:\WINDOWS\SYSTEM32\IPHLPAPI.DLL
0x00007ffeafcf0000 - 0x00007ffeafcf8000 	C:\WINDOWS\System32\NSI.dll
0x00007ffea85c0000 - 0x00007ffea85d6000 	C:\WINDOWS\SYSTEM32\dhcpcsvc6.DLL
0x00007ffea8690000 - 0x00007ffea86aa000 	C:\WINDOWS\SYSTEM32\dhcpcsvc.DLL
0x00007ffea7170000 - 0x00007ffea717d000 	C:\Program Files\Android\Android Studio\jre\jre\bin\management.dll
0x00007ffea6b30000 - 0x00007ffea6b54000 	C:\Program Files\Android\Android Studio\jre\jre\bin\sunec.dll
0x00007ffead100000 - 0x00007ffead1a1000 	C:\WINDOWS\SYSTEM32\DNSAPI.dll
0x00007ffea47b0000 - 0x00007ffea47ba000 	C:\Windows\System32\rasadhlp.dll
0x00007ffea3e20000 - 0x00007ffea3e8a000 	C:\WINDOWS\System32\fwpuclnt.dll
0x00007ffea6b00000 - 0x00007ffea6b0b000 	C:\Program Files\Android\Android Studio\jre\jre\bin\sunmscapi.dll
0x00007ffeae7e0000 - 0x00007ffeae9a9000 	C:\WINDOWS\System32\CRYPT32.dll
0x00007ffeadaa0000 - 0x00007ffeadab0000 	C:\WINDOWS\System32\MSASN1.dll
0x00007ffeacc80000 - 0x00007ffeaccb2000 	C:\WINDOWS\SYSTEM32\ntmarta.dll

VM Arguments:
jvm_args: -Xmx1536m -Dfile.encoding=windows-1252 -Duser.country=IN -Duser.language=en -Duser.variant 
java_command: org.gradle.launcher.daemon.bootstrap.GradleDaemon 3.3
java_class_path (initial): C:\Users\VISHAL\.gradle\wrapper\dists\gradle-3.3-all\55gk2rcmfc6p2dg9u9ohc3hw9\gradle-3.3\lib\gradle-launcher-3.3.jar
Launcher Type: SUN_STANDARD

Environment Variables:
PATH=C:\Program Files\Broadcom\Broadcom 802.11 Network Adapter;C:\WINDOWS\system32;C:\WINDOWS;C:\WINDOWS\System32\Wbem;C:\WINDOWS\System32\WindowsPowerShell\v1.0\;C:\Program Files\WIDCOMM\Bluetooth Software\;C:\Program Files\WIDCOMM\Bluetooth Software\syswow64;C:\Program Files (x86)\ATI Technologies\ATI.ACE\Core-Static;C:\Program Files\Sony\VAIO Improvement;C:\Program Files (x86)\Sony\VAIO BIOS Data Transfer Utility\;C:\Program Files (x86)\Sony\VAIO Startup Setting Tool;C:\Program Files\MATLAB\MATLAB Production Server\R2015a\runtime\win64;C:\Program Files\MATLAB\MATLAB Production Server\R2015a\bin;C:\Program Files\MATLAB\MATLAB Production Server\R2015a\polyspace\bin;C:\Users\VISHAL\AppData\Local\Microsoft\WindowsApps;
USERNAME=VISHAL
OS=Windows_NT
PROCESSOR_IDENTIFIER=AMD64 Family 21 Model 19 Stepping 1, AuthenticAMD



---------------  S Y S T E M  ---------------

OS: Windows 10.0 , 64 bit Build 14393 (10.0.14393.1198)

CPU:total 4 (4 cores per cpu, 1 threads per core) family 21 model 19 stepping 1, cmov, cx8, fxsr, mmx, sse, sse2, sse3, ssse3, sse4.1, sse4.2, popcnt, avx, aes, clmul, mmxext, 3dnowpref, lzcnt, sse4a, tsc, tscinvbit, tscinv, bmi1

Memory: 4k page, physical 3348260k(169500k free), swap 4454180k(2120k free)

vm_info: OpenJDK 64-Bit Server VM (25.112-b06) for windows-amd64 JRE (1.8.0_112-release-b06), built on Dec  8 2016 00:54:26 by "builder" with MS VC++ 10.0 (VS2010)

time: Fri Sep 22 21:24:00 2017
elapsed time: 2823 seconds (0d 0h 47m 3s)

